Arguments: 
  /usr/local/bin/node /usr/local/bin/yarn

PATH: 
  /usr/local/bin:/usr/bin:/bin:/usr/sbin:/sbin

Yarn version: 
  1.22.10

Node version: 
  14.17.1

Platform: 
  darwin x64

Trace: 
  Error: https://registry.yarnpkg.com/@cliqd%2fjanet: Not found
      at Request.params.callback [as _callback] (/usr/local/lib/node_modules/yarn/lib/cli.js:66988:18)
      at Request.self.callback (/usr/local/lib/node_modules/yarn/lib/cli.js:140662:22)
      at Request.emit (events.js:375:28)
      at Request.<anonymous> (/usr/local/lib/node_modules/yarn/lib/cli.js:141634:10)
      at Request.emit (events.js:375:28)
      at IncomingMessage.<anonymous> (/usr/local/lib/node_modules/yarn/lib/cli.js:141556:12)
      at Object.onceWrapper (events.js:481:28)
      at IncomingMessage.emit (events.js:387:35)
      at endReadableNT (internal/streams/readable.js:1317:12)
      at processTicksAndRejections (internal/process/task_queues.js:82:21)

npm manifest: 
  {
    "main": "node_modules/expo/AppEntry.js",
    "workspaces": [
      "packages/*"
    ],
    "scripts": {
      "start": "expo start",
      "android": "expo start --android",
      "ios": "expo start --ios",
      "web": "expo start --web",
      "eject": "expo eject",
      "build:janet": "yarn workspace @cliqd/janet build"
    },
    "dependencies": {
      "@cliqd/janet": "1.0.0",
      "@react-native-firebase/app": "^11.2.0",
      "@react-native-firebase/firestore": "^11.2.0",
      "@react-navigation/bottom-tabs": "^5.11.11",
      "@react-navigation/native": "^3.8.4",
      "expo": "~40.0.0",
      "expo-status-bar": "~1.0.3",
      "firebase": "^8.3.2",
      "firebase-admin": "^9.6.0",
      "firebase-tools": "^9.8.0",
      "react": "16.13.1",
      "react-dom": "16.13.1",
      "react-native": "https://github.com/expo/react-native/archive/sdk-40.0.1.tar.gz",
      "react-native-elements": "^3.4.1",
      "react-native-gesture-handler": "^1.10.3",
      "react-native-screens": "^3.0.0",
      "react-native-web": "^0.16.3",
      "react-navigation": "^4.4.4",
      "react-navigation-stack": "^2.10.4",
      "react-redux": "^7.2.4"
    },
    "devDependencies": {
      "@babel/core": "^7.9.0"
    },
    "private": true
  }

yarn manifest: 
  No manifest

Lockfile: 
  # THIS IS AN AUTOGENERATED FILE. DO NOT EDIT THIS FILE DIRECTLY.
  # yarn lockfile v1
